<?xml version="1.0" encoding="UTF-8"?>
<!-- Generated by org.testng.reporters.JUnitReportReporter -->
<testsuite hostname="CORA014" failures="0" tests="1" name="testing.FirstTest" time="4.134" errors="0" timestamp="24 May 2021 18:50:41 GMT" skipped="0">
  <testcase classname="testing.FirstTest" name="firstChrome" time="4.134"/>
</testsuite> <!-- testing.FirstTest -->
