<?xml version="1.0" encoding="UTF-8"?>
<!-- Generated by org.testng.reporters.JUnitReportReporter -->
<testsuite hostname="CORA014" failures="0" tests="1" name="testing.FirstTest" time="4.493" errors="0" timestamp="24 May 2021 19:05:18 GMT" skipped="0">
  <testcase classname="testing.FirstTest" name="firstChrome" time="4.493"/>
</testsuite> <!-- testing.FirstTest -->
